<?xml version="1.0" encoding="UTF-8"?>
<!-- Generated by org.testng.reporters.JUnitReportReporter -->
<testsuite hostname="User-PC" name="maindemo.Newdemo" tests="1" failures="0" timestamp="24 Apr 2020 06:38:13 GMT" time="30.524" errors="0">
  <testcase name="testregistration" time="30.524" classname="maindemo.Newdemo"/>
</testsuite> <!-- maindemo.Newdemo -->
