<?xml version="1.0" encoding="UTF-8"?>
<!-- Generated by org.testng.reporters.JUnitReportReporter -->
<testsuite hostname="User-PC" name="maindemo.MainDemo" tests="1" failures="0" timestamp="24 Apr 2020 06:28:25 GMT" time="26.260" errors="0">
  <testcase name="f" time="26.260" classname="maindemo.MainDemo"/>
</testsuite> <!-- maindemo.MainDemo -->
